  main.cpp
D:\Documents\GitHub\cmp5359-cg-milestones-20-21-KyleSheridan\GraphicsCMP5359\GraphicsCMP5359\TriangleRenderer.h(18,40): warning C4244: 'return': conversion from 'T' to 'float', possible loss of data
          with
          [
              T=int
          ]
D:\Documents\GitHub\cmp5359-cg-milestones-20-21-KyleSheridan\GraphicsCMP5359\GraphicsCMP5359\RasterFunctions.h(9,35): warning C4305: 'initializing': truncation from 'double' to 'float'
D:\Documents\GitHub\cmp5359-cg-milestones-20-21-KyleSheridan\GraphicsCMP5359\GraphicsCMP5359\RasterFunctions.h(32,18): warning C4244: 'initializing': conversion from 'int' to 'float', possible loss of data
D:\Documents\GitHub\cmp5359-cg-milestones-20-21-KyleSheridan\GraphicsCMP5359\GraphicsCMP5359\RasterFunctions.h(35,15): warning C4244: 'initializing': conversion from 'float' to 'int', possible loss of data
D:\Documents\GitHub\cmp5359-cg-milestones-20-21-KyleSheridan\GraphicsCMP5359\GraphicsCMP5359\RasterFunctions.h(37,31): warning C4244: 'argument': conversion from 'float' to 'int', possible loss of data
D:\Documents\GitHub\cmp5359-cg-milestones-20-21-KyleSheridan\GraphicsCMP5359\GraphicsCMP5359\RasterFunctions.h(37,55): warning C4244: 'argument': conversion from 'float' to 'int', possible loss of data
D:\Documents\GitHub\cmp5359-cg-milestones-20-21-KyleSheridan\GraphicsCMP5359\GraphicsCMP5359\RasterFunctions.h(170,32): warning C4305: 'initializing': truncation from 'double' to 'float'
D:\Documents\GitHub\cmp5359-cg-milestones-20-21-KyleSheridan\GraphicsCMP5359\GraphicsCMP5359\RasterFunctions.h(171,33): warning C4305: 'initializing': truncation from 'double' to 'float'
D:\Documents\GitHub\cmp5359-cg-milestones-20-21-KyleSheridan\GraphicsCMP5359\GraphicsCMP5359\RasterFunctions.h(238,39): warning C4244: 'argument': conversion from 'double' to 'float', possible loss of data
D:\Documents\GitHub\cmp5359-cg-milestones-20-21-KyleSheridan\GraphicsCMP5359\GraphicsCMP5359\RasterFunctions.h(238,74): warning C4244: 'argument': conversion from 'double' to 'float', possible loss of data
D:\Documents\GitHub\cmp5359-cg-milestones-20-21-KyleSheridan\GraphicsCMP5359\GraphicsCMP5359\RasterFunctions.h(239,39): warning C4244: 'argument': conversion from 'double' to 'float', possible loss of data
D:\Documents\GitHub\cmp5359-cg-milestones-20-21-KyleSheridan\GraphicsCMP5359\GraphicsCMP5359\RasterFunctions.h(240,38): warning C4244: 'argument': conversion from 'double' to 'float', possible loss of data
D:\Documents\GitHub\cmp5359-cg-milestones-20-21-KyleSheridan\GraphicsCMP5359\GraphicsCMP5359\RasterFunctions.h(240,73): warning C4244: 'argument': conversion from 'double' to 'float', possible loss of data
D:\Documents\GitHub\cmp5359-cg-milestones-20-21-KyleSheridan\GraphicsCMP5359\GraphicsCMP5359\RasterFunctions.h(243,37): warning C4305: 'argument': truncation from 'double' to 'T'
          with
          [
              T=float
          ]
D:\Documents\GitHub\cmp5359-cg-milestones-20-21-KyleSheridan\GraphicsCMP5359\GraphicsCMP5359\RasterFunctions.h(311,173): warning C4244: 'argument': conversion from 'float' to 'unsigned char', possible loss of data
D:\Documents\GitHub\cmp5359-cg-milestones-20-21-KyleSheridan\GraphicsCMP5359\GraphicsCMP5359\RasterFunctions.h(311,140): warning C4244: 'argument': conversion from 'float' to 'unsigned char', possible loss of data
D:\Documents\GitHub\cmp5359-cg-milestones-20-21-KyleSheridan\GraphicsCMP5359\GraphicsCMP5359\RasterFunctions.h(311,107): warning C4244: 'argument': conversion from 'float' to 'unsigned char', possible loss of data
D:\Documents\GitHub\cmp5359-cg-milestones-20-21-KyleSheridan\GraphicsCMP5359\GraphicsCMP5359\ray.h(12,47): warning C4244: 'argument': conversion from 'double' to 'const T', possible loss of data
          with
          [
              T=float
          ]
D:\Documents\GitHub\cmp5359-cg-milestones-20-21-KyleSheridan\GraphicsCMP5359\GraphicsCMP5359\aabb.h(32,7): warning C4244: 'argument': conversion from 'double' to 'T', possible loss of data
          with
          [
              T=float
          ]
D:\Documents\GitHub\cmp5359-cg-milestones-20-21-KyleSheridan\GraphicsCMP5359\GraphicsCMP5359\aabb.h(31,7): warning C4244: 'argument': conversion from 'double' to 'T', possible loss of data
          with
          [
              T=float
          ]
D:\Documents\GitHub\cmp5359-cg-milestones-20-21-KyleSheridan\GraphicsCMP5359\GraphicsCMP5359\aabb.h(30,20): warning C4244: 'argument': conversion from 'double' to 'T', possible loss of data
          with
          [
              T=float
          ]
D:\Documents\GitHub\cmp5359-cg-milestones-20-21-KyleSheridan\GraphicsCMP5359\GraphicsCMP5359\aabb.h(35,7): warning C4244: 'argument': conversion from 'double' to 'T', possible loss of data
          with
          [
              T=float
          ]
D:\Documents\GitHub\cmp5359-cg-milestones-20-21-KyleSheridan\GraphicsCMP5359\GraphicsCMP5359\aabb.h(34,7): warning C4244: 'argument': conversion from 'double' to 'T', possible loss of data
          with
          [
              T=float
          ]
D:\Documents\GitHub\cmp5359-cg-milestones-20-21-KyleSheridan\GraphicsCMP5359\GraphicsCMP5359\aabb.h(33,18): warning C4244: 'argument': conversion from 'double' to 'T', possible loss of data
          with
          [
              T=float
          ]
D:\Documents\GitHub\cmp5359-cg-milestones-20-21-KyleSheridan\GraphicsCMP5359\GraphicsCMP5359\camera.h(25,27): warning C4244: 'argument': conversion from 'double' to 'const T', possible loss of data
          with
          [
              T=float
          ]
D:\Documents\GitHub\cmp5359-cg-milestones-20-21-KyleSheridan\GraphicsCMP5359\GraphicsCMP5359\camera.h(26,25): warning C4244: 'argument': conversion from 'double' to 'const T', possible loss of data
          with
          [
              T=float
          ]
D:\Documents\GitHub\cmp5359-cg-milestones-20-21-KyleSheridan\GraphicsCMP5359\GraphicsCMP5359\camera.h(27,64): warning C4244: 'argument': conversion from 'double' to 'const T', possible loss of data
          with
          [
              T=float
          ]
D:\Documents\GitHub\cmp5359-cg-milestones-20-21-KyleSheridan\GraphicsCMP5359\GraphicsCMP5359\camera.h(32,14): warning C4244: 'argument': conversion from 'const double' to 'const T', possible loss of data
          with
          [
              T=float
          ]
D:\Documents\GitHub\cmp5359-cg-milestones-20-21-KyleSheridan\GraphicsCMP5359\GraphicsCMP5359\camera.h(36,24): warning C4244: 'argument': conversion from 'double' to 'const T', possible loss of data
          with
          [
              T=float
          ]
D:\Documents\GitHub\cmp5359-cg-milestones-20-21-KyleSheridan\GraphicsCMP5359\GraphicsCMP5359\camera.h(36,41): warning C4244: 'argument': conversion from 'double' to 'const T', possible loss of data
          with
          [
              T=float
          ]
D:\Documents\GitHub\cmp5359-cg-milestones-20-21-KyleSheridan\GraphicsCMP5359\GraphicsCMP5359\material.h(11,33): warning C4114: same type qualifier used more than once
D:\Documents\GitHub\cmp5359-cg-milestones-20-21-KyleSheridan\GraphicsCMP5359\GraphicsCMP5359\material.h(17,45): warning C4244: 'argument': conversion from 'double' to 'const T', possible loss of data
          with
          [
              T=float
          ]
D:\Documents\GitHub\cmp5359-cg-milestones-20-21-KyleSheridan\GraphicsCMP5359\GraphicsCMP5359\material.h(17,22): warning C4244: 'argument': conversion from 'double' to 'const T', possible loss of data
          with
          [
              T=float
          ]
D:\Documents\GitHub\cmp5359-cg-milestones-20-21-KyleSheridan\GraphicsCMP5359\GraphicsCMP5359\material.h(18,26): warning C4244: 'argument': conversion from 'double' to 'const T', possible loss of data
          with
          [
              T=float
          ]
D:\Documents\GitHub\cmp5359-cg-milestones-20-21-KyleSheridan\GraphicsCMP5359\GraphicsCMP5359\material.h(52,38): warning C4244: 'argument': conversion from 'const double' to 'const T', possible loss of data
          with
          [
              T=float
          ]
D:\Documents\GitHub\cmp5359-cg-milestones-20-21-KyleSheridan\GraphicsCMP5359\GraphicsCMP5359\Sphere.h(39,44): warning C4244: 'argument': conversion from 'const double' to 'const T', possible loss of data
          with
          [
              T=float
          ]
D:\Documents\GitHub\cmp5359-cg-milestones-20-21-KyleSheridan\GraphicsCMP5359\GraphicsCMP5359\Sphere.h(48,51): warning C4244: 'argument': conversion from 'const double' to 'T', possible loss of data
          with
          [
              T=float
          ]
D:\Documents\GitHub\cmp5359-cg-milestones-20-21-KyleSheridan\GraphicsCMP5359\GraphicsCMP5359\Sphere.h(48,43): warning C4244: 'argument': conversion from 'const double' to 'T', possible loss of data
          with
          [
              T=float
          ]
D:\Documents\GitHub\cmp5359-cg-milestones-20-21-KyleSheridan\GraphicsCMP5359\GraphicsCMP5359\Sphere.h(48,35): warning C4244: 'argument': conversion from 'const double' to 'T', possible loss of data
          with
          [
              T=float
          ]
D:\Documents\GitHub\cmp5359-cg-milestones-20-21-KyleSheridan\GraphicsCMP5359\GraphicsCMP5359\Sphere.h(48,91): warning C4244: 'argument': conversion from 'const double' to 'T', possible loss of data
          with
          [
              T=float
          ]
D:\Documents\GitHub\cmp5359-cg-milestones-20-21-KyleSheridan\GraphicsCMP5359\GraphicsCMP5359\Sphere.h(48,83): warning C4244: 'argument': conversion from 'const double' to 'T', possible loss of data
          with
          [
              T=float
          ]
D:\Documents\GitHub\cmp5359-cg-milestones-20-21-KyleSheridan\GraphicsCMP5359\GraphicsCMP5359\Sphere.h(48,75): warning C4244: 'argument': conversion from 'const double' to 'T', possible loss of data
          with
          [
              T=float
          ]
D:\Documents\GitHub\cmp5359-cg-milestones-20-21-KyleSheridan\GraphicsCMP5359\GraphicsCMP5359\triangle.h(35,26): warning C4305: 'initializing': truncation from 'double' to 'float'
D:\Documents\GitHub\cmp5359-cg-milestones-20-21-KyleSheridan\GraphicsCMP5359\GraphicsCMP5359\triangle.h(28,8): warning C4101: 'thit': unreferenced local variable
D:\Documents\GitHub\cmp5359-cg-milestones-20-21-KyleSheridan\GraphicsCMP5359\GraphicsCMP5359\RayTracerFunctions.h(59,37): warning C4305: 'initializing': truncation from 'double' to 'float'
D:\Documents\GitHub\cmp5359-cg-milestones-20-21-KyleSheridan\GraphicsCMP5359\GraphicsCMP5359\RayTracerFunctions.h(79,24): warning C4244: 'argument': conversion from 'double' to 'const T', possible loss of data
          with
          [
              T=float
          ]
D:\Documents\GitHub\cmp5359-cg-milestones-20-21-KyleSheridan\GraphicsCMP5359\GraphicsCMP5359\RayTracerFunctions.h(79,79): warning C4305: 'argument': truncation from 'double' to 'T'
          with
          [
              T=float
          ]
D:\Documents\GitHub\cmp5359-cg-milestones-20-21-KyleSheridan\GraphicsCMP5359\GraphicsCMP5359\RayTracerFunctions.h(79,55): warning C4244: 'argument': conversion from 'double' to 'const T', possible loss of data
          with
          [
              T=float
          ]
D:\Documents\GitHub\cmp5359-cg-milestones-20-21-KyleSheridan\GraphicsCMP5359\GraphicsCMP5359\RayTracerFunctions.h(88,60): warning C4244: 'argument': conversion from 'T' to 'unsigned char', possible loss of data
          with
          [
              T=float
          ]
D:\Documents\GitHub\cmp5359-cg-milestones-20-21-KyleSheridan\GraphicsCMP5359\GraphicsCMP5359\RayTracerFunctions.h(88,49): warning C4244: 'argument': conversion from 'T' to 'unsigned char', possible loss of data
          with
          [
              T=float
          ]
D:\Documents\GitHub\cmp5359-cg-milestones-20-21-KyleSheridan\GraphicsCMP5359\GraphicsCMP5359\RayTracerFunctions.h(88,38): warning C4244: 'argument': conversion from 'T' to 'unsigned char', possible loss of data
          with
          [
              T=float
          ]
D:\Documents\GitHub\cmp5359-cg-milestones-20-21-KyleSheridan\GraphicsCMP5359\GraphicsCMP5359\RayTracerFunctions.h(95,37): warning C4305: 'initializing': truncation from 'double' to 'float'
D:\Documents\GitHub\cmp5359-cg-milestones-20-21-KyleSheridan\GraphicsCMP5359\GraphicsCMP5359\RayTracerFunctions.h(119,60): warning C4244: 'argument': conversion from 'T' to 'unsigned char', possible loss of data
          with
          [
              T=float
          ]
D:\Documents\GitHub\cmp5359-cg-milestones-20-21-KyleSheridan\GraphicsCMP5359\GraphicsCMP5359\RayTracerFunctions.h(119,49): warning C4244: 'argument': conversion from 'T' to 'unsigned char', possible loss of data
          with
          [
              T=float
          ]
D:\Documents\GitHub\cmp5359-cg-milestones-20-21-KyleSheridan\GraphicsCMP5359\GraphicsCMP5359\RayTracerFunctions.h(119,38): warning C4244: 'argument': conversion from 'T' to 'unsigned char', possible loss of data
          with
          [
              T=float
          ]
D:\Documents\GitHub\cmp5359-cg-milestones-20-21-KyleSheridan\GraphicsCMP5359\GraphicsCMP5359\RayTracerFunctions.h(126,37): warning C4305: 'initializing': truncation from 'double' to 'float'
D:\Documents\GitHub\cmp5359-cg-milestones-20-21-KyleSheridan\GraphicsCMP5359\GraphicsCMP5359\RayTracerFunctions.h(145,22): warning C4244: 'argument': conversion from 'double' to 'const T', possible loss of data
          with
          [
              T=float
          ]
D:\Documents\GitHub\cmp5359-cg-milestones-20-21-KyleSheridan\GraphicsCMP5359\GraphicsCMP5359\RayTracerFunctions.h(145,77): warning C4305: 'argument': truncation from 'double' to 'T'
          with
          [
              T=float
          ]
D:\Documents\GitHub\cmp5359-cg-milestones-20-21-KyleSheridan\GraphicsCMP5359\GraphicsCMP5359\RayTracerFunctions.h(145,53): warning C4244: 'argument': conversion from 'double' to 'const T', possible loss of data
          with
          [
              T=float
          ]
D:\Documents\GitHub\cmp5359-cg-milestones-20-21-KyleSheridan\GraphicsCMP5359\GraphicsCMP5359\RayTracerFunctions.h(154,59): warning C4244: 'argument': conversion from 'T' to 'unsigned char', possible loss of data
          with
          [
              T=float
          ]
D:\Documents\GitHub\cmp5359-cg-milestones-20-21-KyleSheridan\GraphicsCMP5359\GraphicsCMP5359\RayTracerFunctions.h(154,48): warning C4244: 'argument': conversion from 'T' to 'unsigned char', possible loss of data
          with
          [
              T=float
          ]
D:\Documents\GitHub\cmp5359-cg-milestones-20-21-KyleSheridan\GraphicsCMP5359\GraphicsCMP5359\RayTracerFunctions.h(154,37): warning C4244: 'argument': conversion from 'T' to 'unsigned char', possible loss of data
          with
          [
              T=float
          ]
D:\Documents\GitHub\cmp5359-cg-milestones-20-21-KyleSheridan\GraphicsCMP5359\GraphicsCMP5359\RayTracerFunctions.h(171,53): warning C4244: 'argument': conversion from 'double' to 'T', possible loss of data
          with
          [
              T=float
          ]
D:\Documents\GitHub\cmp5359-cg-milestones-20-21-KyleSheridan\GraphicsCMP5359\GraphicsCMP5359\RayTracerFunctions.h(171,77): warning C4305: 'argument': truncation from 'double' to 'T'
          with
          [
              T=float
          ]
D:\Documents\GitHub\cmp5359-cg-milestones-20-21-KyleSheridan\GraphicsCMP5359\GraphicsCMP5359\RayTracerFunctions.h(171,21): warning C4244: 'argument': conversion from 'double' to 'T', possible loss of data
          with
          [
              T=float
          ]
D:\Documents\GitHub\cmp5359-cg-milestones-20-21-KyleSheridan\GraphicsCMP5359\GraphicsCMP5359\RayTracerFunctions.h(172,7): warning C4305: 'argument': truncation from 'double' to 'T'
          with
          [
              T=float
          ]
D:\Documents\GitHub\cmp5359-cg-milestones-20-21-KyleSheridan\GraphicsCMP5359\GraphicsCMP5359\RayTracerFunctions.h(199,68): warning C4305: 'argument': truncation from 'double' to 'T'
          with
          [
              T=float
          ]
D:\Documents\GitHub\cmp5359-cg-milestones-20-21-KyleSheridan\GraphicsCMP5359\GraphicsCMP5359\RayTracerFunctions.h(201,63): warning C4305: 'argument': truncation from 'double' to 'T'
          with
          [
              T=float
          ]
D:\Documents\GitHub\cmp5359-cg-milestones-20-21-KyleSheridan\GraphicsCMP5359\GraphicsCMP5359\RayTracerFunctions.h(259,37): warning C4305: 'initializing': truncation from 'double' to 'float'
D:\Documents\GitHub\cmp5359-cg-milestones-20-21-KyleSheridan\GraphicsCMP5359\GraphicsCMP5359\RayTracerFunctions.h(293,9): warning C4101: 't': unreferenced local variable
D:\Documents\GitHub\cmp5359-cg-milestones-20-21-KyleSheridan\GraphicsCMP5359\GraphicsCMP5359\geometry.h(162,53): warning C4244: 'argument': conversion from 'double' to 'T', possible loss of data
          with
          [
              T=float
          ]
D:\Documents\GitHub\cmp5359-cg-milestones-20-21-KyleSheridan\GraphicsCMP5359\GraphicsCMP5359\geometry.h(160): message : while compiling class template member function 'Vec3<float> Vec3<float>::Random_In_Unit_Disk(void)'
D:\Documents\GitHub\cmp5359-cg-milestones-20-21-KyleSheridan\GraphicsCMP5359\GraphicsCMP5359\camera.h(32): message : see reference to function template instantiation 'Vec3<float> Vec3<float>::Random_In_Unit_Disk(void)' being compiled
D:\Documents\GitHub\cmp5359-cg-milestones-20-21-KyleSheridan\GraphicsCMP5359\GraphicsCMP5359\model.h(21): message : see reference to class template instantiation 'Vec3<float>' being compiled
D:\Documents\GitHub\cmp5359-cg-milestones-20-21-KyleSheridan\GraphicsCMP5359\GraphicsCMP5359\geometry.h(162,31): warning C4244: 'argument': conversion from 'double' to 'T', possible loss of data
          with
          [
              T=float
          ]
D:\Documents\GitHub\cmp5359-cg-milestones-20-21-KyleSheridan\GraphicsCMP5359\GraphicsCMP5359\geometry.h(149,78): warning C4244: 'argument': conversion from 'double' to 'T', possible loss of data
          with
          [
              T=float
          ]
D:\Documents\GitHub\cmp5359-cg-milestones-20-21-KyleSheridan\GraphicsCMP5359\GraphicsCMP5359\geometry.h(148): message : while compiling class template member function 'Vec3<float> Vec3<float>::Random(double,double)'
D:\Documents\GitHub\cmp5359-cg-milestones-20-21-KyleSheridan\GraphicsCMP5359\GraphicsCMP5359\RayTracerFunctions.h(180): message : see reference to function template instantiation 'Vec3<float> Vec3<float>::Random(double,double)' being compiled
D:\Documents\GitHub\cmp5359-cg-milestones-20-21-KyleSheridan\GraphicsCMP5359\GraphicsCMP5359\geometry.h(149,53): warning C4244: 'argument': conversion from 'double' to 'T', possible loss of data
          with
          [
              T=float
          ]
D:\Documents\GitHub\cmp5359-cg-milestones-20-21-KyleSheridan\GraphicsCMP5359\GraphicsCMP5359\geometry.h(149,28): warning C4244: 'argument': conversion from 'double' to 'T', possible loss of data
          with
          [
              T=float
          ]
D:\Documents\GitHub\cmp5359-cg-milestones-20-21-KyleSheridan\GraphicsCMP5359\GraphicsCMP5359\geometry.h(145,62): warning C4244: 'argument': conversion from 'double' to 'T', possible loss of data
          with
          [
              T=float
          ]
D:\Documents\GitHub\cmp5359-cg-milestones-20-21-KyleSheridan\GraphicsCMP5359\GraphicsCMP5359\geometry.h(144): message : while compiling class template member function 'Vec3<float> Vec3<float>::Random(void)'
D:\Documents\GitHub\cmp5359-cg-milestones-20-21-KyleSheridan\GraphicsCMP5359\GraphicsCMP5359\RayTracerFunctions.h(175): message : see reference to function template instantiation 'Vec3<float> Vec3<float>::Random(void)' being compiled
D:\Documents\GitHub\cmp5359-cg-milestones-20-21-KyleSheridan\GraphicsCMP5359\GraphicsCMP5359\geometry.h(145,45): warning C4244: 'argument': conversion from 'double' to 'T', possible loss of data
          with
          [
              T=float
          ]
D:\Documents\GitHub\cmp5359-cg-milestones-20-21-KyleSheridan\GraphicsCMP5359\GraphicsCMP5359\geometry.h(145,28): warning C4244: 'argument': conversion from 'double' to 'T', possible loss of data
          with
          [
              T=float
          ]
  Generating code
  2 of 862 functions ( 0.2%) were compiled, the rest were copied from previous compilation.
    0 functions were new in current compilation
    0 functions had inline decision re-evaluated but remain unchanged
  Finished generating code
  GraphicsCMP5359.vcxproj -> D:\Documents\GitHub\cmp5359-cg-milestones-20-21-KyleSheridan\GraphicsCMP5359\Release\GraphicsCMP5359.exe
